<?xml version="1.0" encoding="UTF-8"?>
<!-- Generated by org.testng.reporters.JUnitReportReporter -->
<testsuite hostname="LAPTOP-6JLE5TPP" failures="0" tests="1" name="Selenium_Project.TestNgConcepts" time="0.009" errors="0" timestamp="2023-06-06T11:14:57 IST" skipped="0">
  <testcase classname="Selenium_Project.TestNgConcepts" name="scene" time="0.009"/>
  <system-out/>
</testsuite> <!-- Selenium_Project.TestNgConcepts -->
