<?xml version="1.0" encoding="UTF-8"?>
<!-- Generated by org.testng.reporters.JUnitReportReporter -->
<testsuite hostname="LAPTOP-6JLE5TPP" failures="0" tests="1" name="base.BaseConfigurations" time="4.079" errors="0" timestamp="2023-06-06T12:46:29 IST" skipped="0">
  <testcase classname="base.BaseConfigurations" name="getdriver" time="4.079"/>
  <system-out/>
</testsuite> <!-- base.BaseConfigurations -->
