<?xml version="1.0" encoding="UTF-8"?>
<!-- Generated by org.testng.reporters.JUnitReportReporter -->
<testsuite hostname="LAPTOP-6JLE5TPP" failures="0" tests="1" name="DemoWebshop_Base.Configurations" time="5.867" errors="0" timestamp="2023-06-07T10:16:10 IST" skipped="0">
  <testcase classname="DemoWebshop_Base.Configurations" name="gettDriver" time="5.867"/>
  <system-out/>
</testsuite> <!-- DemoWebshop_Base.Configurations -->
