<?xml version="1.0" encoding="UTF-8"?>
<!-- Generated by org.testng.reporters.JUnitReportReporter -->
<testsuite hostname="LAPTOP-6JLE5TPP" failures="0" tests="2" name="Selenium_Project.TestNgAnnotation" time="0.002" errors="0" timestamp="2023-06-06T11:14:57 IST" skipped="0">
  <testcase classname="Selenium_Project.TestNgAnnotation" name="testCase" time="0.001"/>
  <system-out/>
  <testcase classname="Selenium_Project.TestNgAnnotation" name="testCase1" time="0.001"/>
  <system-out/>
</testsuite> <!-- Selenium_Project.TestNgAnnotation -->
