<?xml version="1.0" encoding="UTF-8"?>
<!-- Generated by org.testng.reporters.JUnitReportReporter -->
<testsuite hostname="LAPTOP-6JLE5TPP" failures="0" tests="1" name="testCases.TestCase2" time="2.764" errors="0" timestamp="2023-06-07T14:58:36 IST" skipped="0">
  <testcase classname="testCases.TestCase2" name="scenario2" time="2.764"/>
  <system-out/>
</testsuite> <!-- testCases.TestCase2 -->
